<?xml version="1.0" encoding="UTF-8"?>
<!-- Generated by org.testng.reporters.JUnitReportReporter -->
<testsuite hostname="KARTIK-SHARMA" failures="0" tests="1" name="com.tests.formTest" time="9.036" errors="0" timestamp="2025-03-21T16:30:27 IST" skipped="0">
  <testcase classname="com.tests.formTest" name="addToCartProduct" time="9.036"/>
</testsuite> <!-- com.tests.formTest -->
